<?xml version="1.0" encoding="UTF-8"?>
<!-- Generated by org.testng.reporters.JUnitReportReporter -->
<testsuite hostname="DESKTOP-L5QRB6B" name="com.utility.Sam" tests="5" failures="0" timestamp="2 Feb 2021 08:52:50 GMT" time="114.676" errors="0">
  <testcase name="test" time="22.629" classname="com.utility.Sam"/>
  <testcase name="test" time="22.783" classname="com.utility.Sam"/>
  <testcase name="test" time="23.356" classname="com.utility.Sam"/>
  <testcase name="test" time="23.655" classname="com.utility.Sam"/>
  <testcase name="test" time="22.253" classname="com.utility.Sam"/>
</testsuite> <!-- com.utility.Sam -->
